<?xml version="1.0" encoding="UTF-8"?>
<!-- Generated by org.testng.reporters.JUnitReportReporter -->
<testsuite skipped="0" hostname="DESKTOP-RQBA2TB" name="com.testcases.Validate_Tc_02_Get_Orders_E2E" tests="1" failures="0" timestamp="18 Jan 2020 08:26:32 GMT" time="7.366" errors="0">
  <testcase name="postData" time="7.366" classname="com.testcases.Validate_Tc_02_Get_Orders_E2E"/>
</testsuite> <!-- com.testcases.Validate_Tc_02_Get_Orders_E2E -->
