<?xml version="1.0" encoding="UTF-8"?>
<!-- Generated by org.testng.reporters.JUnitReportReporter -->
<testsuite skipped="0" hostname="LAPTOP-S1LVCJIH" name="com.testcases.Tc_01_GetWheater_Details" tests="1" failures="0" timestamp="04 Aug 2019 08:28:02 GMT" time="3.612" errors="0">
  <testcase name="getWheaterDetails" time="3.612" classname="com.testcases.Tc_01_GetWheater_Details"/>
</testsuite> <!-- com.testcases.Tc_01_GetWheater_Details -->
