<?xml version="1.0" encoding="UTF-8"?>
<!-- Generated by org.testng.reporters.JUnitReportReporter -->
<testsuite skipped="0" hostname="LAPTOP-S1LVCJIH" name="com.testcases.Testing" tests="1" failures="0" timestamp="04 Aug 2019 08:10:02 GMT" time="0.038" errors="0">
  <testcase name="doTest" time="0.038" classname="com.testcases.Testing"/>
</testsuite> <!-- com.testcases.Testing -->
